2023-09-24 10:22:00.506 [info] Reading sessions from keychain...
2023-09-24 10:22:00.506 [info] Getting sessions for all scopes...
2023-09-24 10:22:00.506 [info] Getting sessions for user:email...
2023-09-24 10:22:00.776 [info] Got 0 sessions for ...
2023-09-24 10:22:00.777 [info] Got 0 sessions for user:email...
2023-09-24 10:22:00.777 [info] Getting sessions for all scopes...
2023-09-24 10:22:00.777 [info] Got 0 sessions for ...
2023-09-24 10:22:01.462 [info] Getting sessions for all scopes...
2023-09-24 10:22:01.462 [info] Got 0 sessions for ...
2023-09-24 10:26:36.510 [info] Reading sessions from keychain...
2023-09-24 10:26:36.510 [info] Getting sessions for all scopes...
2023-09-24 10:26:36.510 [info] Getting sessions for user:email...
2023-09-24 10:26:36.516 [info] Got 0 sessions for ...
2023-09-24 10:26:36.516 [info] Got 0 sessions for user:email...
2023-09-24 10:26:36.766 [info] Getting sessions for all scopes...
2023-09-24 10:26:36.767 [info] Got 0 sessions for ...
2023-09-24 10:26:36.787 [info] Getting sessions for all scopes...
2023-09-24 10:26:36.787 [info] Got 0 sessions for ...
2023-09-24 10:28:11.230 [info] Reading sessions from keychain...
2023-09-24 10:28:11.231 [info] Getting sessions for all scopes...
2023-09-24 10:28:11.232 [info] Getting sessions for user:email...
2023-09-24 10:28:11.287 [info] Got 0 sessions for ...
2023-09-24 10:28:11.287 [info] Got 0 sessions for user:email...
2023-09-24 10:28:11.568 [info] Getting sessions for all scopes...
2023-09-24 10:28:11.568 [info] Got 0 sessions for ...
2023-09-24 10:28:11.620 [info] Getting sessions for all scopes...
2023-09-24 10:28:11.620 [info] Got 0 sessions for ...
