2023-09-24 10:21:58.842 [info] Added views:workbench.panel.markers.view in workbench.panel.markers
2023-09-24 10:21:58.842 [info] Added views:workbench.panel.output in workbench.panel.output
2023-09-24 10:21:58.842 [info] Added views:terminal in terminal
2023-09-24 10:21:58.842 [info] Added views:outline in workbench.view.explorer
2023-09-24 10:21:58.842 [info] Added views:workbench.scm in workbench.view.scm
2023-09-24 10:21:58.842 [info] Added views:workbench.view.search in workbench.view.search
2023-09-24 10:21:58.842 [info] Added views:timeline in workbench.view.explorer
2023-09-24 10:21:58.842 [info] Added views:workbench.explorer.emptyView in workbench.view.explorer
2023-09-24 10:21:59.461 [info] Added views:workbench.debug.variablesView,workbench.debug.watchExpressionsView,workbench.debug.callStackView,workbench.debug.breakPointsView in workbench.view.debug
2023-09-24 10:22:00.118 [info] Added views:github.codespaces.explorer in workbench.view.remote
2023-09-24 10:22:00.118 [info] Added views:sfdx.force.tasks.view in workbench.view.explorer
2023-09-24 10:22:00.170 [info] Added views:~remote.forwardedPorts in ~remote.forwardedPortsContainer
2023-09-24 10:22:00.339 [info] Added views:workbench.panel.repl.view in workbench.panel.repl
2023-09-24 10:22:00.340 [info] Removed views:workbench.debug.breakPointsView,workbench.debug.callStackView,workbench.debug.watchExpressionsView,workbench.debug.variablesView from workbench.view.debug
2023-09-24 10:22:00.341 [info] Added views:workbench.debug.welcome in workbench.view.debug
2023-09-24 10:26:35.578 [info] Added views:workbench.panel.markers.view in workbench.panel.markers
2023-09-24 10:26:35.578 [info] Added views:workbench.panel.output in workbench.panel.output
2023-09-24 10:26:35.578 [info] Added views:terminal in terminal
2023-09-24 10:26:35.578 [info] Added views:outline in workbench.view.explorer
2023-09-24 10:26:35.578 [info] Added views:workbench.scm in workbench.view.scm
2023-09-24 10:26:35.578 [info] Added views:workbench.view.search in workbench.view.search
2023-09-24 10:26:35.578 [info] Added views:timeline in workbench.view.explorer
2023-09-24 10:26:35.578 [info] Added views:workbench.explorer.fileView in workbench.view.explorer
2023-09-24 10:26:35.902 [info] Added views:github.codespaces.explorer in workbench.view.remote
2023-09-24 10:26:36.121 [info] Added views:workbench.debug.variablesView,workbench.debug.watchExpressionsView,workbench.debug.callStackView,workbench.debug.breakPointsView in workbench.view.debug
2023-09-24 10:26:36.308 [info] Added views:~remote.forwardedPorts in ~remote.forwardedPortsContainer
2023-09-24 10:26:36.370 [info] Added views:workbench.panel.repl.view in workbench.panel.repl
2023-09-24 10:26:39.288 [info] Added views:sfdx.force.tasks.view in workbench.view.explorer
2023-09-24 10:27:27.860 [info] Added views:conflicts in workbench.view.extension.conflicts
2023-09-24 10:27:27.866 [info] Added views:metadata in workbench.view.extension.metadata
2023-09-24 10:27:27.869 [info] Added views:sfdx.force.test.view,sfdx.force.lightning.lwc.test.view in workbench.view.extension.test
2023-09-24 10:27:27.870 [info] Added views:sfdx.force.view.checkpoint in workbench.view.debug
2023-09-24 10:28:10.153 [info] Added views:workbench.panel.markers.view in workbench.panel.markers
2023-09-24 10:28:10.153 [info] Added views:workbench.panel.output in workbench.panel.output
2023-09-24 10:28:10.153 [info] Added views:terminal in terminal
2023-09-24 10:28:10.154 [info] Added views:outline in workbench.view.explorer
2023-09-24 10:28:10.154 [info] Added views:workbench.scm in workbench.view.scm
2023-09-24 10:28:10.154 [info] Added views:workbench.view.search in workbench.view.search
2023-09-24 10:28:10.154 [info] Added views:timeline in workbench.view.explorer
2023-09-24 10:28:10.154 [info] Added views:workbench.explorer.fileView in workbench.view.explorer
2023-09-24 10:28:10.420 [info] Added views:github.codespaces.explorer in workbench.view.remote
2023-09-24 10:28:10.716 [info] Added views:workbench.debug.variablesView,workbench.debug.watchExpressionsView,workbench.debug.callStackView,workbench.debug.breakPointsView in workbench.view.debug
2023-09-24 10:28:10.886 [info] Added views:~remote.forwardedPorts in ~remote.forwardedPortsContainer
2023-09-24 10:28:11.107 [info] Added views:workbench.panel.repl.view in workbench.panel.repl
2023-09-24 10:28:11.110 [info] Removed views:workbench.debug.breakPointsView,workbench.debug.callStackView,workbench.debug.watchExpressionsView,workbench.debug.variablesView from workbench.view.debug
2023-09-24 10:28:11.112 [info] Added views:workbench.debug.welcome in workbench.view.debug
2023-09-24 10:28:13.307 [info] Added views:sfdx.force.tasks.view in workbench.view.explorer
2023-09-24 10:28:50.938 [info] Added views:workbench.views.extensions.installed,workbench.views.extensions.popular,extensions.recommendedList in workbench.view.extensions
2023-09-24 10:28:50.942 [info] Removed views:workbench.views.extensions.popular from workbench.view.extensions
